<?xml version="1.0" encoding="UTF-8"?><testsuite errors="1" failures="0" name="Login in training site" skipped="0" tests="1" time="0.54" timestamp="2019-03-04 09:32:46"><testcase name="Login Successful"><error message="Loginpage (wrong name: LoginPage)" type="java.lang.NoClassDefFoundError">Loginpage (wrong name: LoginPage)</error><system-err>Loginpage (wrong name: LoginPage)&#13;
cucumber.runner.Runner.runPickle(Runner.java:80)&#13;
org.eclipse.jdt.internal.junit4.runner.JUnit4TestReference.run(JUnit4TestReference.java:89)&#13;
org.eclipse.jdt.internal.junit.runner.TestExecution.run(TestExecution.java:41)&#13;
org.eclipse.jdt.internal.junit.runner.RemoteTestRunner.runTests(RemoteTestRunner.java:541)&#13;
org.eclipse.jdt.internal.junit.runner.RemoteTestRunner.runTests(RemoteTestRunner.java:763)&#13;
org.eclipse.jdt.internal.junit.runner.RemoteTestRunner.run(RemoteTestRunner.java:463)&#13;
org.eclipse.jdt.internal.junit.runner.RemoteTestRunner.main(RemoteTestRunner.java:209)&#13;
✽.That i am in the login page(src/test/resources/features/login.feature:8)&#13;
</system-err></testcase></testsuite>